<?xml version="1.0" encoding="UTF-8"?>
<!-- Generated by org.testng.reporters.JUnitReportReporter -->
<testsuite hostname="MacBook-Pro-Svetlana-2.local" failures="0" tests="5" name="testCases.TC003_LoginDDT" time="33.719" errors="0" timestamp="2025-09-21T16:15:21 EST" skipped="0">
  <testcase classname="testCases.TC003_LoginDDT" name="verify_loginDDT" time="10.486"/>
  <testcase classname="testCases.TC003_LoginDDT" name="verify_loginDDT" time="1.242"/>
  <testcase classname="testCases.TC003_LoginDDT" name="verify_loginDDT" time="10.491"/>
  <testcase classname="testCases.TC003_LoginDDT" name="verify_loginDDT" time="0.949"/>
  <testcase classname="testCases.TC003_LoginDDT" name="verify_loginDDT" time="10.551"/>
</testsuite> <!-- testCases.TC003_LoginDDT -->
