<?xml version="1.0" encoding="UTF-8"?>
<!-- Generated by org.testng.reporters.JUnitReportReporter -->
<testsuite hostname="MacBook-Pro-Svetlana-2.local" failures="0" tests="1" name="testCases.TC001_AccountRegistrationTest" time="0.795" errors="0" timestamp="2025-09-21T20:48:03 EST" skipped="0">
  <testcase classname="testCases.TC001_AccountRegistrationTest" name="verify_account_registration" time="0.795"/>
</testsuite> <!-- testCases.TC001_AccountRegistrationTest -->
