<?xml version="1.0" encoding="UTF-8"?>
<!-- Generated by org.testng.reporters.JUnitReportReporter -->
<testsuite hostname="MacBook-Pro-Svetlana-2.local" failures="0" tests="1" name="testCases.TC002_LoginTest" time="0.587" errors="0" timestamp="2025-09-21T20:48:03 EST" skipped="0">
  <testcase classname="testCases.TC002_LoginTest" name="verify_login" time="0.587"/>
</testsuite> <!-- testCases.TC002_LoginTest -->
